--------------------------------------------------------------------------------
Release 14.5 Trace  (nt64)
Copyright (c) 1995-2012 Xilinx, Inc.  All rights reserved.

E:\Xilinx\14.5\ISE_DS\ISE\bin\nt64\unwrapped\trce.exe -intstyle ise -v 3 -s 3
-n 3 -fastpaths -xml Main_Demo.twx Main_Demo.ncd -o Main_Demo.twr Main_Demo.pcf
-ucf main.ucf

Design file:              Main_Demo.ncd
Physical constraint file: Main_Demo.pcf
Device,package,speed:     xc6slx9,tqg144,C,-3 (PRODUCTION 1.23 2013-03-26)
Report level:             verbose report

Environment Variable      Effect 
--------------------      ------ 
NONE                      No environment variables were set
--------------------------------------------------------------------------------

INFO:Timing:2698 - No timing constraints found, doing default enumeration.
INFO:Timing:3412 - To improve timing, see the Timing Closure User Guide (UG612).
INFO:Timing:2752 - To get complete path coverage, use the unconstrained paths 
   option. All paths that are not constrained will be reported in the 
   unconstrained paths section(s) of the report.
INFO:Timing:3339 - The clock-to-out numbers in this timing report are based on 
   a 50 Ohm transmission line loading model.  For the details of this model, 
   and for more information on accounting for different loading conditions, 
   please see the device datasheet.



Data Sheet report:
-----------------
All values displayed in nanoseconds (ns)

Setup/Hold to clock sel<0>
------------+------------+------------+------------+------------+------------------+--------+
            |Max Setup to|  Process   |Max Hold to |  Process   |                  | Clock  |
Source      | clk (edge) |   Corner   | clk (edge) |   Corner   |Internal Clock(s) | Phase  |
------------+------------+------------+------------+------------+------------------+--------+
f_inp1<0>   |   -0.779(F)|      FAST  |    1.939(F)|      SLOW  |_n0158            |   0.000|
            |   -1.324(F)|      FAST  |    2.573(F)|      SLOW  |_n0238            |   0.000|
            |   -1.446(F)|      FAST  |    2.798(F)|      SLOW  |_n0328            |   0.000|
f_inp1<1>   |   -0.919(F)|      FAST  |    2.144(F)|      SLOW  |_n0158            |   0.000|
            |   -0.781(F)|      FAST  |    1.992(F)|      SLOW  |_n0238            |   0.000|
            |   -0.624(F)|      FAST  |    1.703(F)|      SLOW  |_n0328            |   0.000|
f_inp1<2>   |   -1.764(F)|      FAST  |    3.223(F)|      SLOW  |_n0158            |   0.000|
            |   -1.398(F)|      FAST  |    2.762(F)|      SLOW  |_n0238            |   0.000|
            |   -0.846(F)|      FAST  |    2.075(F)|      SLOW  |_n0328            |   0.000|
f_inp1<3>   |   -2.444(F)|      FAST  |    4.263(F)|      SLOW  |_n0158            |   0.000|
            |   -1.851(F)|      FAST  |    3.340(F)|      SLOW  |_n0238            |   0.000|
            |   -1.861(F)|      FAST  |    3.333(F)|      SLOW  |_n0328            |   0.000|
f_inp2<0>   |   -1.514(F)|      FAST  |    2.658(F)|      SLOW  |_n0158            |   0.000|
            |   -1.233(F)|      FAST  |    2.558(F)|      SLOW  |_n0238            |   0.000|
            |   -0.729(F)|      FAST  |    2.025(F)|      SLOW  |_n0328            |   0.000|
f_inp2<1>   |   -1.074(F)|      FAST  |    2.300(F)|      SLOW  |_n0158            |   0.000|
            |   -0.281(F)|      FAST  |    1.466(F)|      SLOW  |_n0238            |   0.000|
            |   -1.268(F)|      FAST  |    2.755(F)|      SLOW  |_n0328            |   0.000|
f_inp2<2>   |   -1.486(F)|      FAST  |    3.030(F)|      SLOW  |_n0158            |   0.000|
            |   -1.056(F)|      FAST  |    2.461(F)|      SLOW  |_n0238            |   0.000|
            |   -1.056(F)|      FAST  |    2.509(F)|      SLOW  |_n0328            |   0.000|
f_inp2<3>   |   -1.342(F)|      FAST  |    2.628(F)|      SLOW  |_n0158            |   0.000|
            |   -1.034(F)|      FAST  |    2.288(F)|      SLOW  |_n0238            |   0.000|
            |   -1.245(F)|      FAST  |    2.645(F)|      SLOW  |_n0328            |   0.000|
------------+------------+------------+------------+------------+------------------+--------+

Setup/Hold to clock sel<1>
------------+------------+------------+------------+------------+------------------+--------+
            |Max Setup to|  Process   |Max Hold to |  Process   |                  | Clock  |
Source      | clk (edge) |   Corner   | clk (edge) |   Corner   |Internal Clock(s) | Phase  |
------------+------------+------------+------------+------------+------------------+--------+
f_inp1<0>   |   -0.518(F)|      FAST  |    1.659(F)|      SLOW  |_n0158            |   0.000|
            |   -1.271(F)|      FAST  |    2.510(F)|      SLOW  |_n0238            |   0.000|
            |   -1.393(F)|      FAST  |    2.735(F)|      SLOW  |_n0328            |   0.000|
            |   -1.434(F)|      FAST  |    2.778(F)|      SLOW  |_n0418            |   0.000|
f_inp1<1>   |   -0.658(F)|      FAST  |    1.864(F)|      SLOW  |_n0158            |   0.000|
            |   -0.728(F)|      FAST  |    1.929(F)|      SLOW  |_n0238            |   0.000|
            |   -0.571(F)|      FAST  |    1.640(F)|      SLOW  |_n0328            |   0.000|
            |   -1.292(F)|      FAST  |    2.530(F)|      SLOW  |_n0418            |   0.000|
f_inp1<2>   |   -1.503(F)|      FAST  |    2.943(F)|      SLOW  |_n0158            |   0.000|
            |   -1.345(F)|      FAST  |    2.699(F)|      SLOW  |_n0238            |   0.000|
            |   -0.793(F)|      FAST  |    2.012(F)|      SLOW  |_n0328            |   0.000|
            |   -1.918(F)|      FAST  |    3.504(F)|      SLOW  |_n0418            |   0.000|
f_inp1<3>   |   -2.183(F)|      FAST  |    3.983(F)|      SLOW  |_n0158            |   0.000|
            |   -1.798(F)|      FAST  |    3.277(F)|      SLOW  |_n0238            |   0.000|
            |   -1.808(F)|      FAST  |    3.270(F)|      SLOW  |_n0328            |   0.000|
            |   -1.478(F)|      FAST  |    2.852(F)|      SLOW  |_n0418            |   0.000|
f_inp2<0>   |   -1.253(F)|      FAST  |    2.378(F)|      SLOW  |_n0158            |   0.000|
            |   -1.180(F)|      FAST  |    2.495(F)|      SLOW  |_n0238            |   0.000|
            |   -0.676(F)|      FAST  |    1.962(F)|      SLOW  |_n0328            |   0.000|
            |   -1.971(F)|      FAST  |    3.522(F)|      SLOW  |_n0418            |   0.000|
f_inp2<1>   |   -0.813(F)|      FAST  |    2.020(F)|      SLOW  |_n0158            |   0.000|
            |   -0.228(F)|      FAST  |    1.403(F)|      SLOW  |_n0238            |   0.000|
            |   -1.215(F)|      FAST  |    2.692(F)|      SLOW  |_n0328            |   0.000|
            |   -1.421(F)|      FAST  |    2.948(F)|      SLOW  |_n0418            |   0.000|
f_inp2<2>   |   -1.225(F)|      FAST  |    2.750(F)|      SLOW  |_n0158            |   0.000|
            |   -1.003(F)|      FAST  |    2.398(F)|      SLOW  |_n0238            |   0.000|
            |   -1.003(F)|      FAST  |    2.446(F)|      SLOW  |_n0328            |   0.000|
            |   -1.778(F)|      FAST  |    3.422(F)|      SLOW  |_n0418            |   0.000|
f_inp2<3>   |   -1.081(F)|      FAST  |    2.348(F)|      SLOW  |_n0158            |   0.000|
            |   -0.981(F)|      FAST  |    2.225(F)|      SLOW  |_n0238            |   0.000|
            |   -1.192(F)|      FAST  |    2.582(F)|      SLOW  |_n0328            |   0.000|
            |   -1.409(F)|      FAST  |    2.852(F)|      SLOW  |_n0418            |   0.000|
------------+------------+------------+------------+------------+------------------+--------+

Setup/Hold to clock sel<2>
------------+------------+------------+------------+------------+------------------+--------+
            |Max Setup to|  Process   |Max Hold to |  Process   |                  | Clock  |
Source      | clk (edge) |   Corner   | clk (edge) |   Corner   |Internal Clock(s) | Phase  |
------------+------------+------------+------------+------------+------------------+--------+
f_inp1<0>   |   -0.665(F)|      FAST  |    1.712(F)|      SLOW  |_n0238            |   0.000|
            |   -0.787(F)|      FAST  |    1.937(F)|      SLOW  |_n0328            |   0.000|
            |   -0.867(F)|      FAST  |    1.990(F)|      SLOW  |_n0418            |   0.000|
f_inp1<1>   |   -0.122(F)|      FAST  |    1.131(F)|      SLOW  |_n0238            |   0.000|
            |    0.035(F)|      FAST  |    0.842(F)|      SLOW  |_n0328            |   0.000|
            |   -0.725(F)|      FAST  |    1.742(F)|      SLOW  |_n0418            |   0.000|
f_inp1<2>   |   -0.739(F)|      FAST  |    1.901(F)|      SLOW  |_n0238            |   0.000|
            |   -0.187(F)|      FAST  |    1.214(F)|      SLOW  |_n0328            |   0.000|
            |   -1.351(F)|      FAST  |    2.716(F)|      SLOW  |_n0418            |   0.000|
f_inp1<3>   |   -1.192(F)|      FAST  |    2.479(F)|      SLOW  |_n0238            |   0.000|
            |   -1.202(F)|      FAST  |    2.472(F)|      SLOW  |_n0328            |   0.000|
            |   -0.911(F)|      FAST  |    2.064(F)|      SLOW  |_n0418            |   0.000|
f_inp2<0>   |   -0.574(F)|      FAST  |    1.697(F)|      SLOW  |_n0238            |   0.000|
            |   -0.070(F)|      FAST  |    1.164(F)|      SLOW  |_n0328            |   0.000|
            |   -1.404(F)|      FAST  |    2.734(F)|      SLOW  |_n0418            |   0.000|
f_inp2<1>   |    0.378(F)|      FAST  |    0.605(F)|      SLOW  |_n0238            |   0.000|
            |   -0.609(F)|      FAST  |    1.894(F)|      SLOW  |_n0328            |   0.000|
            |   -0.854(F)|      FAST  |    2.160(F)|      SLOW  |_n0418            |   0.000|
f_inp2<2>   |   -0.397(F)|      FAST  |    1.600(F)|      SLOW  |_n0238            |   0.000|
            |   -0.397(F)|      FAST  |    1.648(F)|      SLOW  |_n0328            |   0.000|
            |   -1.211(F)|      FAST  |    2.634(F)|      SLOW  |_n0418            |   0.000|
f_inp2<3>   |   -0.375(F)|      FAST  |    1.427(F)|      SLOW  |_n0238            |   0.000|
            |   -0.586(F)|      FAST  |    1.784(F)|      SLOW  |_n0328            |   0.000|
            |   -0.842(F)|      FAST  |    2.064(F)|      SLOW  |_n0418            |   0.000|
------------+------------+------------+------------+------------+------------------+--------+

Setup/Hold to clock sel<3>
------------+------------+------------+------------+------------+------------------+--------+
            |Max Setup to|  Process   |Max Hold to |  Process   |                  | Clock  |
Source      | clk (edge) |   Corner   | clk (edge) |   Corner   |Internal Clock(s) | Phase  |
------------+------------+------------+------------+------------+------------------+--------+
f_inp1<0>   |    0.160(F)|      FAST  |    0.606(F)|      SLOW  |_n0158            |   0.000|
            |   -0.442(F)|      FAST  |    1.301(F)|      SLOW  |_n0238            |   0.000|
            |   -0.564(F)|      FAST  |    1.526(F)|      SLOW  |_n0328            |   0.000|
            |   -0.756(F)|      FAST  |    1.725(F)|      SLOW  |_n0418            |   0.000|
f_inp1<1>   |    0.020(F)|      FAST  |    0.811(F)|      SLOW  |_n0158            |   0.000|
            |    0.101(F)|      FAST  |    0.720(F)|      SLOW  |_n0238            |   0.000|
            |    0.281(F)|      SLOW  |    0.431(F)|      SLOW  |_n0328            |   0.000|
            |   -0.614(F)|      FAST  |    1.477(F)|      SLOW  |_n0418            |   0.000|
f_inp1<2>   |   -0.825(F)|      FAST  |    1.890(F)|      SLOW  |_n0158            |   0.000|
            |   -0.516(F)|      FAST  |    1.490(F)|      SLOW  |_n0238            |   0.000|
            |    0.036(F)|      FAST  |    0.803(F)|      SLOW  |_n0328            |   0.000|
            |   -1.240(F)|      FAST  |    2.451(F)|      SLOW  |_n0418            |   0.000|
f_inp1<3>   |   -1.505(F)|      FAST  |    2.930(F)|      SLOW  |_n0158            |   0.000|
            |   -0.969(F)|      FAST  |    2.068(F)|      SLOW  |_n0238            |   0.000|
            |   -0.979(F)|      FAST  |    2.061(F)|      SLOW  |_n0328            |   0.000|
            |   -0.800(F)|      FAST  |    1.799(F)|      SLOW  |_n0418            |   0.000|
f_inp2<0>   |   -0.575(F)|      FAST  |    1.325(F)|      SLOW  |_n0158            |   0.000|
            |   -0.351(F)|      FAST  |    1.286(F)|      SLOW  |_n0238            |   0.000|
            |    0.153(F)|      FAST  |    0.753(F)|      SLOW  |_n0328            |   0.000|
            |   -1.293(F)|      FAST  |    2.469(F)|      SLOW  |_n0418            |   0.000|
f_inp2<1>   |   -0.135(F)|      FAST  |    0.967(F)|      SLOW  |_n0158            |   0.000|
            |    0.601(F)|      FAST  |    0.194(F)|      SLOW  |_n0238            |   0.000|
            |   -0.386(F)|      FAST  |    1.483(F)|      SLOW  |_n0328            |   0.000|
            |   -0.743(F)|      FAST  |    1.895(F)|      SLOW  |_n0418            |   0.000|
f_inp2<2>   |   -0.547(F)|      FAST  |    1.697(F)|      SLOW  |_n0158            |   0.000|
            |   -0.174(F)|      FAST  |    1.189(F)|      SLOW  |_n0238            |   0.000|
            |   -0.174(F)|      FAST  |    1.237(F)|      SLOW  |_n0328            |   0.000|
            |   -1.100(F)|      FAST  |    2.369(F)|      SLOW  |_n0418            |   0.000|
f_inp2<3>   |   -0.403(F)|      FAST  |    1.295(F)|      SLOW  |_n0158            |   0.000|
            |   -0.152(F)|      FAST  |    1.016(F)|      SLOW  |_n0238            |   0.000|
            |   -0.363(F)|      FAST  |    1.373(F)|      SLOW  |_n0328            |   0.000|
            |   -0.731(F)|      FAST  |    1.799(F)|      SLOW  |_n0418            |   0.000|
------------+------------+------------+------------+------------+------------------+--------+

Clock sel<0> to Pad
------------+-----------------+------------+-----------------+------------+------------------+--------+
            |Max (slowest) clk|  Process   |Min (fastest) clk|  Process   |                  | Clock  |
Destination |  (edge) to PAD  |   Corner   |  (edge) to PAD  |   Corner   |Internal Clock(s) | Phase  |
------------+-----------------+------------+-----------------+------------+------------------+--------+
f_out1<0>   |        11.777(F)|      SLOW  |         7.090(F)|      FAST  |_n0225            |   0.000|
f_out1<1>   |        11.789(F)|      SLOW  |         7.128(F)|      FAST  |_n0225            |   0.000|
f_out1<2>   |        11.789(F)|      SLOW  |         7.128(F)|      FAST  |_n0225            |   0.000|
f_out1<3>   |        11.777(F)|      SLOW  |         7.090(F)|      FAST  |_n0225            |   0.000|
f_out1<4>   |        11.605(F)|      SLOW  |         7.031(F)|      FAST  |_n0225            |   0.000|
f_out1<5>   |        11.605(F)|      SLOW  |         7.031(F)|      FAST  |_n0225            |   0.000|
f_out1<6>   |        10.650(F)|      SLOW  |         6.388(F)|      FAST  |_n0225            |   0.000|
f_out1<7>   |        10.650(F)|      SLOW  |         6.388(F)|      FAST  |_n0225            |   0.000|
f_out2_1<0> |        10.432(F)|      SLOW  |         6.235(F)|      FAST  |_n0225            |   0.000|
f_out2_1<1> |        10.317(F)|      SLOW  |         6.123(F)|      FAST  |_n0225            |   0.000|
f_out2_1<2> |         9.235(F)|      SLOW  |         5.479(F)|      FAST  |_n0225            |   0.000|
f_out2_1<3> |         9.399(F)|      SLOW  |         5.525(F)|      FAST  |_n0225            |   0.000|
f_out2_2<0> |        11.591(F)|      SLOW  |         7.001(F)|      FAST  |_n0225            |   0.000|
f_out2_2<1> |        11.413(F)|      SLOW  |         6.940(F)|      FAST  |_n0225            |   0.000|
f_out2_2<2> |        11.366(F)|      SLOW  |         6.917(F)|      FAST  |_n0225            |   0.000|
f_out2_2<3> |        11.475(F)|      SLOW  |         6.962(F)|      FAST  |_n0225            |   0.000|
------------+-----------------+------------+-----------------+------------+------------------+--------+

Clock sel<1> to Pad
------------+-----------------+------------+-----------------+------------+------------------+--------+
            |Max (slowest) clk|  Process   |Min (fastest) clk|  Process   |                  | Clock  |
Destination |  (edge) to PAD  |   Corner   |  (edge) to PAD  |   Corner   |Internal Clock(s) | Phase  |
------------+-----------------+------------+-----------------+------------+------------------+--------+
f_out1<0>   |        11.166(F)|      SLOW  |         6.544(F)|      FAST  |_n0225            |   0.000|
f_out1<1>   |        11.178(F)|      SLOW  |         6.582(F)|      FAST  |_n0225            |   0.000|
f_out1<2>   |        11.178(F)|      SLOW  |         6.582(F)|      FAST  |_n0225            |   0.000|
f_out1<3>   |        11.166(F)|      SLOW  |         6.544(F)|      FAST  |_n0225            |   0.000|
f_out1<4>   |        10.994(F)|      SLOW  |         6.485(F)|      FAST  |_n0225            |   0.000|
f_out1<5>   |        10.994(F)|      SLOW  |         6.485(F)|      FAST  |_n0225            |   0.000|
f_out1<6>   |        10.039(F)|      SLOW  |         5.842(F)|      FAST  |_n0225            |   0.000|
f_out1<7>   |        10.039(F)|      SLOW  |         5.842(F)|      FAST  |_n0225            |   0.000|
f_out2_1<0> |         9.821(F)|      SLOW  |         5.689(F)|      FAST  |_n0225            |   0.000|
f_out2_1<1> |         9.706(F)|      SLOW  |         5.577(F)|      FAST  |_n0225            |   0.000|
f_out2_1<2> |         8.624(F)|      SLOW  |         4.933(F)|      FAST  |_n0225            |   0.000|
f_out2_1<3> |         8.788(F)|      SLOW  |         4.979(F)|      FAST  |_n0225            |   0.000|
f_out2_2<0> |        10.980(F)|      SLOW  |         6.455(F)|      FAST  |_n0225            |   0.000|
f_out2_2<1> |        10.802(F)|      SLOW  |         6.394(F)|      FAST  |_n0225            |   0.000|
f_out2_2<2> |        10.755(F)|      SLOW  |         6.371(F)|      FAST  |_n0225            |   0.000|
f_out2_2<3> |        10.864(F)|      SLOW  |         6.416(F)|      FAST  |_n0225            |   0.000|
------------+-----------------+------------+-----------------+------------+------------------+--------+

Clock sel<2> to Pad
------------+-----------------+------------+-----------------+------------+------------------+--------+
            |Max (slowest) clk|  Process   |Min (fastest) clk|  Process   |                  | Clock  |
Destination |  (edge) to PAD  |   Corner   |  (edge) to PAD  |   Corner   |Internal Clock(s) | Phase  |
------------+-----------------+------------+-----------------+------------+------------------+--------+
f_out1<0>   |        10.451(F)|      SLOW  |         6.042(F)|      FAST  |_n0225            |   0.000|
f_out1<1>   |        10.463(F)|      SLOW  |         6.080(F)|      FAST  |_n0225            |   0.000|
f_out1<2>   |        10.463(F)|      SLOW  |         6.080(F)|      FAST  |_n0225            |   0.000|
f_out1<3>   |        10.451(F)|      SLOW  |         6.042(F)|      FAST  |_n0225            |   0.000|
f_out1<4>   |        10.279(F)|      SLOW  |         5.983(F)|      FAST  |_n0225            |   0.000|
f_out1<5>   |        10.279(F)|      SLOW  |         5.983(F)|      FAST  |_n0225            |   0.000|
f_out1<6>   |         9.324(F)|      SLOW  |         5.340(F)|      FAST  |_n0225            |   0.000|
f_out1<7>   |         9.324(F)|      SLOW  |         5.340(F)|      FAST  |_n0225            |   0.000|
f_out2_1<0> |         9.106(F)|      SLOW  |         5.187(F)|      FAST  |_n0225            |   0.000|
f_out2_1<1> |         8.991(F)|      SLOW  |         5.075(F)|      FAST  |_n0225            |   0.000|
f_out2_1<2> |         7.909(F)|      SLOW  |         4.431(F)|      FAST  |_n0225            |   0.000|
f_out2_1<3> |         8.073(F)|      SLOW  |         4.477(F)|      FAST  |_n0225            |   0.000|
f_out2_2<0> |        10.265(F)|      SLOW  |         5.953(F)|      FAST  |_n0225            |   0.000|
f_out2_2<1> |        10.087(F)|      SLOW  |         5.892(F)|      FAST  |_n0225            |   0.000|
f_out2_2<2> |        10.040(F)|      SLOW  |         5.869(F)|      FAST  |_n0225            |   0.000|
f_out2_2<3> |        10.149(F)|      SLOW  |         5.914(F)|      FAST  |_n0225            |   0.000|
------------+-----------------+------------+-----------------+------------+------------------+--------+

Clock sel<3> to Pad
------------+-----------------+------------+-----------------+------------+------------------+--------+
            |Max (slowest) clk|  Process   |Min (fastest) clk|  Process   |                  | Clock  |
Destination |  (edge) to PAD  |   Corner   |  (edge) to PAD  |   Corner   |Internal Clock(s) | Phase  |
------------+-----------------+------------+-----------------+------------+------------------+--------+
f_out1<0>   |        10.409(F)|      SLOW  |         6.116(F)|      FAST  |_n0225            |   0.000|
f_out1<1>   |        10.421(F)|      SLOW  |         6.154(F)|      FAST  |_n0225            |   0.000|
f_out1<2>   |        10.421(F)|      SLOW  |         6.154(F)|      FAST  |_n0225            |   0.000|
f_out1<3>   |        10.409(F)|      SLOW  |         6.116(F)|      FAST  |_n0225            |   0.000|
f_out1<4>   |        10.237(F)|      SLOW  |         6.057(F)|      FAST  |_n0225            |   0.000|
f_out1<5>   |        10.237(F)|      SLOW  |         6.057(F)|      FAST  |_n0225            |   0.000|
f_out1<6>   |         9.282(F)|      SLOW  |         5.414(F)|      FAST  |_n0225            |   0.000|
f_out1<7>   |         9.282(F)|      SLOW  |         5.414(F)|      FAST  |_n0225            |   0.000|
f_out2_1<0> |         9.064(F)|      SLOW  |         5.261(F)|      FAST  |_n0225            |   0.000|
f_out2_1<1> |         8.949(F)|      SLOW  |         5.149(F)|      FAST  |_n0225            |   0.000|
f_out2_1<2> |         7.867(F)|      SLOW  |         4.505(F)|      FAST  |_n0225            |   0.000|
f_out2_1<3> |         8.031(F)|      SLOW  |         4.551(F)|      FAST  |_n0225            |   0.000|
f_out2_2<0> |        10.223(F)|      SLOW  |         6.027(F)|      FAST  |_n0225            |   0.000|
f_out2_2<1> |        10.045(F)|      SLOW  |         5.966(F)|      FAST  |_n0225            |   0.000|
f_out2_2<2> |         9.998(F)|      SLOW  |         5.943(F)|      FAST  |_n0225            |   0.000|
f_out2_2<3> |        10.107(F)|      SLOW  |         5.988(F)|      FAST  |_n0225            |   0.000|
------------+-----------------+------------+-----------------+------------+------------------+--------+

Clock to Setup on destination clock sel<0>
---------------+---------+---------+---------+---------+
               | Src:Rise| Src:Fall| Src:Rise| Src:Fall|
Source Clock   |Dest:Rise|Dest:Rise|Dest:Fall|Dest:Fall|
---------------+---------+---------+---------+---------+
sel<0>         |         |         |    1.262|    6.671|
sel<1>         |         |         |    2.887|    8.569|
sel<2>         |         |         |    0.893|    8.569|
sel<3>         |         |         |         |    8.569|
---------------+---------+---------+---------+---------+

Clock to Setup on destination clock sel<1>
---------------+---------+---------+---------+---------+
               | Src:Rise| Src:Fall| Src:Rise| Src:Fall|
Source Clock   |Dest:Rise|Dest:Rise|Dest:Fall|Dest:Fall|
---------------+---------+---------+---------+---------+
sel<0>         |         |         |    1.859|    6.671|
sel<1>         |         |         |    3.484|    8.569|
sel<2>         |         |         |    0.954|    8.569|
sel<3>         |         |         |         |    8.569|
---------------+---------+---------+---------+---------+

Clock to Setup on destination clock sel<2>
---------------+---------+---------+---------+---------+
               | Src:Rise| Src:Fall| Src:Rise| Src:Fall|
Source Clock   |Dest:Rise|Dest:Rise|Dest:Fall|Dest:Fall|
---------------+---------+---------+---------+---------+
sel<0>         |         |         |    2.538|    6.671|
sel<1>         |         |         |    4.163|    8.569|
sel<2>         |         |         |    1.729|    8.569|
sel<3>         |         |         |         |    8.569|
---------------+---------+---------+---------+---------+

Clock to Setup on destination clock sel<3>
---------------+---------+---------+---------+---------+
               | Src:Rise| Src:Fall| Src:Rise| Src:Fall|
Source Clock   |Dest:Rise|Dest:Rise|Dest:Fall|Dest:Fall|
---------------+---------+---------+---------+---------+
sel<0>         |         |         |    2.568|    6.671|
sel<1>         |         |         |    4.193|    8.569|
sel<2>         |         |         |    2.108|    8.569|
sel<3>         |         |         |         |    8.569|
---------------+---------+---------+---------+---------+


Analysis completed Wed May 04 14:36:21 2022 
--------------------------------------------------------------------------------

Trace Settings:
-------------------------
Trace Settings 

Peak Memory Usage: 4571 MB



